0 info it worked if it ends with ok
1 verbose cli [ 'C:\\Users\\Computer User\\AppData\\Local\\.meteor\\packages\\meteor-tool\\1.4.1_3\\mt-os.windows.x86_32\\dev_bundle\\bin\\node.exe',
1 verbose cli   'C:\\Users\\Computer User\\AppData\\Local\\.meteor\\packages\\meteor-tool\\1.4.1_3\\mt-os.windows.x86_32\\dev_bundle\\lib\\node_modules\\npm\\bin\\npm-cli.js',
1 verbose cli   'install',
1 verbose cli   '-g',
1 verbose cli   'bcrypt' ]
2 info using npm@3.10.8
3 info using node@v4.6.1
4 silly loadCurrentTree Starting
5 silly install loadCurrentTree
6 silly install readGlobalPackageData
7 silly fetchPackageMetaData bcrypt
8 silly fetchNamedPackageData bcrypt
9 silly mapToRegistry name bcrypt
10 silly mapToRegistry using default registry
11 silly mapToRegistry registry https://registry.npmjs.org/
12 silly mapToRegistry data Result {
12 silly mapToRegistry   raw: 'bcrypt',
12 silly mapToRegistry   scope: null,
12 silly mapToRegistry   escapedName: 'bcrypt',
12 silly mapToRegistry   name: 'bcrypt',
12 silly mapToRegistry   rawSpec: '',
12 silly mapToRegistry   spec: 'latest',
12 silly mapToRegistry   type: 'tag' }
13 silly mapToRegistry uri https://registry.npmjs.org/bcrypt
14 verbose request uri https://registry.npmjs.org/bcrypt
15 verbose request no auth needed
16 info attempt registry request try #1 at 8:25:05 PM
17 verbose request id c7a6adecd9ea24e7
18 verbose etag "DVM4B6S5JX5FCOHTNHDAX7FRP"
19 http request GET https://registry.npmjs.org/bcrypt
20 http 304 https://registry.npmjs.org/bcrypt
21 verbose headers { date: 'Sat, 29 Oct 2016 00:25:00 GMT',
21 verbose headers   via: '1.1 varnish',
21 verbose headers   'cache-control': 'max-age=300',
21 verbose headers   etag: '"DVM4B6S5JX5FCOHTNHDAX7FRP"',
21 verbose headers   age: '0',
21 verbose headers   connection: 'keep-alive',
21 verbose headers   'x-served-by': 'cache-jfk8121-JFK',
21 verbose headers   'x-cache': 'HIT',
21 verbose headers   'x-cache-hits': '1',
21 verbose headers   'x-timer': 'S1477700700.622193,VS0,VE77',
21 verbose headers   vary: 'Accept-Encoding' }
22 silly get cb [ 304,
22 silly get   { date: 'Sat, 29 Oct 2016 00:25:00 GMT',
22 silly get     via: '1.1 varnish',
22 silly get     'cache-control': 'max-age=300',
22 silly get     etag: '"DVM4B6S5JX5FCOHTNHDAX7FRP"',
22 silly get     age: '0',
22 silly get     connection: 'keep-alive',
22 silly get     'x-served-by': 'cache-jfk8121-JFK',
22 silly get     'x-cache': 'HIT',
22 silly get     'x-cache-hits': '1',
22 silly get     'x-timer': 'S1477700700.622193,VS0,VE77',
22 silly get     vary: 'Accept-Encoding' } ]
23 verbose etag https://registry.npmjs.org/bcrypt from cache
24 verbose get saving bcrypt to C:\Users\Computer User\AppData\Local\.meteor\packages\meteor-tool\1.4.1_3\mt-os.windows.x86_32\dev_bundle\.npm\registry.npmjs.org\bcrypt\.cache.json
25 verbose correctMkdir C:\Users\Computer User\AppData\Local\.meteor\packages\meteor-tool\1.4.1_3\mt-os.windows.x86_32\dev_bundle\.npm correctMkdir not in flight; initializing
26 silly install normalizeTree
27 silly loadCurrentTree Finishing
28 silly loadIdealTree Starting
29 silly install loadIdealTree
30 silly cloneCurrentTree Starting
31 silly install cloneCurrentTreeToIdealTree
32 silly cloneCurrentTree Finishing
33 silly loadShrinkwrap Starting
34 silly install loadShrinkwrap
35 silly loadShrinkwrap Finishing
36 silly loadAllDepsIntoIdealTree Starting
37 silly install loadAllDepsIntoIdealTree
38 silly resolveWithNewModule bcrypt@0.8.7 checking installable status
39 silly cache add args [ 'bcrypt', null ]
40 verbose cache add spec bcrypt
41 silly cache add parsed spec Result {
41 silly cache add   raw: 'bcrypt',
41 silly cache add   scope: null,
41 silly cache add   escapedName: 'bcrypt',
41 silly cache add   name: 'bcrypt',
41 silly cache add   rawSpec: '',
41 silly cache add   spec: 'latest',
41 silly cache add   type: 'tag' }
42 silly addNamed bcrypt@latest
43 verbose addNamed "latest" is being treated as a dist-tag for bcrypt
44 info addNameTag [ 'bcrypt', 'latest' ]
45 silly mapToRegistry name bcrypt
46 silly mapToRegistry using default registry
47 silly mapToRegistry registry https://registry.npmjs.org/
48 silly mapToRegistry data Result {
48 silly mapToRegistry   raw: 'bcrypt',
48 silly mapToRegistry   scope: null,
48 silly mapToRegistry   escapedName: 'bcrypt',
48 silly mapToRegistry   name: 'bcrypt',
48 silly mapToRegistry   rawSpec: '',
48 silly mapToRegistry   spec: 'latest',
48 silly mapToRegistry   type: 'tag' }
49 silly mapToRegistry uri https://registry.npmjs.org/bcrypt
50 verbose addNameTag registry:https://registry.npmjs.org/bcrypt not in flight; fetching
51 verbose get https://registry.npmjs.org/bcrypt not expired, no request
52 silly addNameTag next cb for bcrypt with tag latest
53 silly addNamed bcrypt@0.8.7
54 verbose addNamed "0.8.7" is a plain semver version for bcrypt
55 silly cache afterAdd bcrypt@0.8.7
56 verbose afterAdd C:\Users\Computer User\AppData\Local\.meteor\packages\meteor-tool\1.4.1_3\mt-os.windows.x86_32\dev_bundle\.npm\bcrypt\0.8.7\package\package.json not in flight; writing
57 verbose correctMkdir C:\Users\Computer User\AppData\Local\.meteor\packages\meteor-tool\1.4.1_3\mt-os.windows.x86_32\dev_bundle\.npm correctMkdir not in flight; initializing
58 verbose afterAdd C:\Users\Computer User\AppData\Local\.meteor\packages\meteor-tool\1.4.1_3\mt-os.windows.x86_32\dev_bundle\.npm\bcrypt\0.8.7\package\package.json written
59 silly fetchNamedPackageData bindings
60 silly mapToRegistry name bindings
61 silly mapToRegistry using default registry
62 silly mapToRegistry registry https://registry.npmjs.org/
63 silly mapToRegistry data Result {
63 silly mapToRegistry   raw: 'bindings',
63 silly mapToRegistry   scope: null,
63 silly mapToRegistry   escapedName: 'bindings',
63 silly mapToRegistry   name: 'bindings',
63 silly mapToRegistry   rawSpec: '',
63 silly mapToRegistry   spec: 'latest',
63 silly mapToRegistry   type: 'tag' }
64 silly mapToRegistry uri https://registry.npmjs.org/bindings
65 silly fetchNamedPackageData nan
66 silly mapToRegistry name nan
67 silly mapToRegistry using default registry
68 silly mapToRegistry registry https://registry.npmjs.org/
69 silly mapToRegistry data Result {
69 silly mapToRegistry   raw: 'nan',
69 silly mapToRegistry   scope: null,
69 silly mapToRegistry   escapedName: 'nan',
69 silly mapToRegistry   name: 'nan',
69 silly mapToRegistry   rawSpec: '',
69 silly mapToRegistry   spec: 'latest',
69 silly mapToRegistry   type: 'tag' }
70 silly mapToRegistry uri https://registry.npmjs.org/nan
71 verbose request uri https://registry.npmjs.org/nan
72 verbose request no auth needed
73 info attempt registry request try #1 at 8:25:07 PM
74 verbose etag "2QXFPVXUU9DUUTAACVV4FOU2Z"
75 http request GET https://registry.npmjs.org/nan
76 http 304 https://registry.npmjs.org/nan
77 verbose headers { date: 'Sat, 29 Oct 2016 00:25:02 GMT',
77 verbose headers   via: '1.1 varnish',
77 verbose headers   'cache-control': 'max-age=300',
77 verbose headers   etag: '"2QXFPVXUU9DUUTAACVV4FOU2Z"',
77 verbose headers   age: '160',
77 verbose headers   connection: 'keep-alive',
77 verbose headers   'x-served-by': 'cache-jfk8121-JFK',
77 verbose headers   'x-cache': 'HIT',
77 verbose headers   'x-cache-hits': '2',
77 verbose headers   'x-timer': 'S1477700702.455874,VS0,VE0',
77 verbose headers   vary: 'Accept-Encoding' }
78 silly get cb [ 304,
78 silly get   { date: 'Sat, 29 Oct 2016 00:25:02 GMT',
78 silly get     via: '1.1 varnish',
78 silly get     'cache-control': 'max-age=300',
78 silly get     etag: '"2QXFPVXUU9DUUTAACVV4FOU2Z"',
78 silly get     age: '160',
78 silly get     connection: 'keep-alive',
78 silly get     'x-served-by': 'cache-jfk8121-JFK',
78 silly get     'x-cache': 'HIT',
78 silly get     'x-cache-hits': '2',
78 silly get     'x-timer': 'S1477700702.455874,VS0,VE0',
78 silly get     vary: 'Accept-Encoding' } ]
79 verbose etag https://registry.npmjs.org/nan from cache
80 verbose get saving nan to C:\Users\Computer User\AppData\Local\.meteor\packages\meteor-tool\1.4.1_3\mt-os.windows.x86_32\dev_bundle\.npm\registry.npmjs.org\nan\.cache.json
81 verbose correctMkdir C:\Users\Computer User\AppData\Local\.meteor\packages\meteor-tool\1.4.1_3\mt-os.windows.x86_32\dev_bundle\.npm correctMkdir not in flight; initializing
82 silly resolveWithNewModule nan@2.3.5 checking installable status
83 silly cache add args [ 'nan@2.3.5', null ]
84 verbose cache add spec nan@2.3.5
85 silly cache add parsed spec Result {
85 silly cache add   raw: 'nan@2.3.5',
85 silly cache add   scope: null,
85 silly cache add   escapedName: 'nan',
85 silly cache add   name: 'nan',
85 silly cache add   rawSpec: '2.3.5',
85 silly cache add   spec: '2.3.5',
85 silly cache add   type: 'version' }
86 silly addNamed nan@2.3.5
87 verbose addNamed "2.3.5" is a plain semver version for nan
88 silly mapToRegistry name nan
89 silly mapToRegistry using default registry
90 silly mapToRegistry registry https://registry.npmjs.org/
91 silly mapToRegistry data Result {
91 silly mapToRegistry   raw: 'nan',
91 silly mapToRegistry   scope: null,
91 silly mapToRegistry   escapedName: 'nan',
91 silly mapToRegistry   name: 'nan',
91 silly mapToRegistry   rawSpec: '',
91 silly mapToRegistry   spec: 'latest',
91 silly mapToRegistry   type: 'tag' }
92 silly mapToRegistry uri https://registry.npmjs.org/nan
93 verbose addNameVersion registry:https://registry.npmjs.org/nan not in flight; fetching
94 verbose request uri https://registry.npmjs.org/bindings
95 verbose request no auth needed
96 info attempt registry request try #1 at 8:25:08 PM
97 verbose etag "8QW29MHCPCE6VJCVI3QVXRJAQ"
98 http request GET https://registry.npmjs.org/bindings
99 verbose get https://registry.npmjs.org/nan not expired, no request
100 http 304 https://registry.npmjs.org/bindings
101 verbose headers { date: 'Sat, 29 Oct 2016 00:25:02 GMT',
101 verbose headers   via: '1.1 varnish',
101 verbose headers   'cache-control': 'max-age=300',
101 verbose headers   etag: '"8QW29MHCPCE6VJCVI3QVXRJAQ"',
101 verbose headers   age: '294',
101 verbose headers   connection: 'keep-alive',
101 verbose headers   'x-served-by': 'cache-jfk8121-JFK',
101 verbose headers   'x-cache': 'HIT',
101 verbose headers   'x-cache-hits': '1',
101 verbose headers   'x-timer': 'S1477700702.627646,VS0,VE0',
101 verbose headers   vary: 'Accept-Encoding' }
102 silly get cb [ 304,
102 silly get   { date: 'Sat, 29 Oct 2016 00:25:02 GMT',
102 silly get     via: '1.1 varnish',
102 silly get     'cache-control': 'max-age=300',
102 silly get     etag: '"8QW29MHCPCE6VJCVI3QVXRJAQ"',
102 silly get     age: '294',
102 silly get     connection: 'keep-alive',
102 silly get     'x-served-by': 'cache-jfk8121-JFK',
102 silly get     'x-cache': 'HIT',
102 silly get     'x-cache-hits': '1',
102 silly get     'x-timer': 'S1477700702.627646,VS0,VE0',
102 silly get     vary: 'Accept-Encoding' } ]
103 verbose etag https://registry.npmjs.org/bindings from cache
104 verbose get saving bindings to C:\Users\Computer User\AppData\Local\.meteor\packages\meteor-tool\1.4.1_3\mt-os.windows.x86_32\dev_bundle\.npm\registry.npmjs.org\bindings\.cache.json
105 verbose correctMkdir C:\Users\Computer User\AppData\Local\.meteor\packages\meteor-tool\1.4.1_3\mt-os.windows.x86_32\dev_bundle\.npm correctMkdir not in flight; initializing
106 silly cache afterAdd nan@2.3.5
107 verbose afterAdd C:\Users\Computer User\AppData\Local\.meteor\packages\meteor-tool\1.4.1_3\mt-os.windows.x86_32\dev_bundle\.npm\nan\2.3.5\package\package.json not in flight; writing
108 verbose correctMkdir C:\Users\Computer User\AppData\Local\.meteor\packages\meteor-tool\1.4.1_3\mt-os.windows.x86_32\dev_bundle\.npm correctMkdir not in flight; initializing
109 verbose afterAdd C:\Users\Computer User\AppData\Local\.meteor\packages\meteor-tool\1.4.1_3\mt-os.windows.x86_32\dev_bundle\.npm\nan\2.3.5\package\package.json written
110 silly resolveWithNewModule bindings@1.2.1 checking installable status
111 silly cache add args [ 'bindings@1.2.1', null ]
112 verbose cache add spec bindings@1.2.1
113 silly cache add parsed spec Result {
113 silly cache add   raw: 'bindings@1.2.1',
113 silly cache add   scope: null,
113 silly cache add   escapedName: 'bindings',
113 silly cache add   name: 'bindings',
113 silly cache add   rawSpec: '1.2.1',
113 silly cache add   spec: '1.2.1',
113 silly cache add   type: 'version' }
114 silly addNamed bindings@1.2.1
115 verbose addNamed "1.2.1" is a plain semver version for bindings
116 silly mapToRegistry name bindings
117 silly mapToRegistry using default registry
118 silly mapToRegistry registry https://registry.npmjs.org/
119 silly mapToRegistry data Result {
119 silly mapToRegistry   raw: 'bindings',
119 silly mapToRegistry   scope: null,
119 silly mapToRegistry   escapedName: 'bindings',
119 silly mapToRegistry   name: 'bindings',
119 silly mapToRegistry   rawSpec: '',
119 silly mapToRegistry   spec: 'latest',
119 silly mapToRegistry   type: 'tag' }
120 silly mapToRegistry uri https://registry.npmjs.org/bindings
121 verbose addNameVersion registry:https://registry.npmjs.org/bindings not in flight; fetching
122 verbose get https://registry.npmjs.org/bindings not expired, no request
123 silly cache afterAdd bindings@1.2.1
124 verbose afterAdd C:\Users\Computer User\AppData\Local\.meteor\packages\meteor-tool\1.4.1_3\mt-os.windows.x86_32\dev_bundle\.npm\bindings\1.2.1\package\package.json not in flight; writing
125 verbose correctMkdir C:\Users\Computer User\AppData\Local\.meteor\packages\meteor-tool\1.4.1_3\mt-os.windows.x86_32\dev_bundle\.npm correctMkdir not in flight; initializing
126 verbose afterAdd C:\Users\Computer User\AppData\Local\.meteor\packages\meteor-tool\1.4.1_3\mt-os.windows.x86_32\dev_bundle\.npm\bindings\1.2.1\package\package.json written
127 silly loadAllDepsIntoIdealTree Finishing
128 silly loadIdealTree Finishing
129 silly currentTree bin
130 silly idealTree bin
130 silly idealTree `-- bcrypt@0.8.7
130 silly idealTree   +-- bindings@1.2.1
130 silly idealTree   `-- nan@2.3.5
131 silly generateActionsToTake Starting
132 silly install generateActionsToTake
133 silly generateActionsToTake Finishing
134 silly diffTrees action count 3
135 silly diffTrees add bindings@1.2.1
136 silly diffTrees add nan@2.3.5
137 silly diffTrees add bcrypt@0.8.7
138 silly decomposeActions action count 24
139 silly decomposeActions fetch bindings@1.2.1
140 silly decomposeActions extract bindings@1.2.1
141 silly decomposeActions test bindings@1.2.1
142 silly decomposeActions preinstall bindings@1.2.1
143 silly decomposeActions build bindings@1.2.1
144 silly decomposeActions install bindings@1.2.1
145 silly decomposeActions postinstall bindings@1.2.1
146 silly decomposeActions finalize bindings@1.2.1
147 silly decomposeActions fetch nan@2.3.5
148 silly decomposeActions extract nan@2.3.5
149 silly decomposeActions test nan@2.3.5
150 silly decomposeActions preinstall nan@2.3.5
151 silly decomposeActions build nan@2.3.5
152 silly decomposeActions install nan@2.3.5
153 silly decomposeActions postinstall nan@2.3.5
154 silly decomposeActions finalize nan@2.3.5
155 silly decomposeActions fetch bcrypt@0.8.7
156 silly decomposeActions extract bcrypt@0.8.7
157 silly decomposeActions test bcrypt@0.8.7
158 silly decomposeActions preinstall bcrypt@0.8.7
159 silly decomposeActions build bcrypt@0.8.7
160 silly decomposeActions install bcrypt@0.8.7
161 silly decomposeActions postinstall bcrypt@0.8.7
162 silly decomposeActions finalize bcrypt@0.8.7
163 silly runTopLevelLifecycles Starting
164 silly executeActions Starting
165 silly install executeActions
166 silly doSerial global-install 0
167 silly doParallel fetch 3
168 verbose correctMkdir C:\Users\Computer User\AppData\Local\.meteor\packages\meteor-tool\1.4.1_3\mt-os.windows.x86_32\dev_bundle\.npm\_locks correctMkdir not in flight; initializing
169 verbose lock using C:\Users\Computer User\AppData\Local\.meteor\packages\meteor-tool\1.4.1_3\mt-os.windows.x86_32\dev_bundle\.npm\_locks\staging-039c375a2c872415.lock for C:\Users\Computer User\AppData\Local\.meteor\packages\meteor-tool\1.4.1_3\mt-os.windows.x86_32\dev_bundle\bin\node_modules\.staging
170 silly doParallel extract 3
171 silly extract bindings@1.2.1
172 silly extract nan@2.3.5
173 silly extract bcrypt@0.8.7
174 verbose unbuild node_modules\.staging\bindings-111aeab5
175 verbose unbuild node_modules\.staging\nan-b17c247e
176 verbose unbuild node_modules\.staging\bcrypt-983f7df4
177 silly gentlyRm C:\Users\Computer User\AppData\Local\.meteor\packages\meteor-tool\1.4.1_3\mt-os.windows.x86_32\dev_bundle\bin\node_modules\.staging\nan-b17c247e is being purged from base C:\Users\Computer User\AppData\Local\.meteor\packages\meteor-tool\1.4.1_3\mt-os.windows.x86_32\dev_bundle\bin
178 verbose gentlyRm don't care about contents; nuking C:\Users\Computer User\AppData\Local\.meteor\packages\meteor-tool\1.4.1_3\mt-os.windows.x86_32\dev_bundle\bin\node_modules\.staging\nan-b17c247e
179 silly gentlyRm C:\Users\Computer User\AppData\Local\.meteor\packages\meteor-tool\1.4.1_3\mt-os.windows.x86_32\dev_bundle\bin\node_modules\.staging\bindings-111aeab5 is being purged from base C:\Users\Computer User\AppData\Local\.meteor\packages\meteor-tool\1.4.1_3\mt-os.windows.x86_32\dev_bundle\bin
180 verbose gentlyRm don't care about contents; nuking C:\Users\Computer User\AppData\Local\.meteor\packages\meteor-tool\1.4.1_3\mt-os.windows.x86_32\dev_bundle\bin\node_modules\.staging\bindings-111aeab5
181 verbose tar unpack C:\Users\Computer User\AppData\Local\.meteor\packages\meteor-tool\1.4.1_3\mt-os.windows.x86_32\dev_bundle\.npm\nan\2.3.5\package.tgz
182 verbose tar unpacking to C:\Users\Computer User\AppData\Local\.meteor\packages\meteor-tool\1.4.1_3\mt-os.windows.x86_32\dev_bundle\bin\node_modules\.staging\nan-b17c247e
183 silly gentlyRm C:\Users\Computer User\AppData\Local\.meteor\packages\meteor-tool\1.4.1_3\mt-os.windows.x86_32\dev_bundle\bin\node_modules\.staging\nan-b17c247e is being purged
184 verbose gentlyRm don't care about contents; nuking C:\Users\Computer User\AppData\Local\.meteor\packages\meteor-tool\1.4.1_3\mt-os.windows.x86_32\dev_bundle\bin\node_modules\.staging\nan-b17c247e
185 verbose tar unpack C:\Users\Computer User\AppData\Local\.meteor\packages\meteor-tool\1.4.1_3\mt-os.windows.x86_32\dev_bundle\.npm\bindings\1.2.1\package.tgz
186 verbose tar unpacking to C:\Users\Computer User\AppData\Local\.meteor\packages\meteor-tool\1.4.1_3\mt-os.windows.x86_32\dev_bundle\bin\node_modules\.staging\bindings-111aeab5
187 silly gentlyRm C:\Users\Computer User\AppData\Local\.meteor\packages\meteor-tool\1.4.1_3\mt-os.windows.x86_32\dev_bundle\bin\node_modules\.staging\bindings-111aeab5 is being purged
188 verbose gentlyRm don't care about contents; nuking C:\Users\Computer User\AppData\Local\.meteor\packages\meteor-tool\1.4.1_3\mt-os.windows.x86_32\dev_bundle\bin\node_modules\.staging\bindings-111aeab5
189 silly gentlyRm C:\Users\Computer User\AppData\Local\.meteor\packages\meteor-tool\1.4.1_3\mt-os.windows.x86_32\dev_bundle\bin\node_modules\.staging\bcrypt-983f7df4 is being purged from base C:\Users\Computer User\AppData\Local\.meteor\packages\meteor-tool\1.4.1_3\mt-os.windows.x86_32\dev_bundle\bin
190 verbose gentlyRm don't care about contents; nuking C:\Users\Computer User\AppData\Local\.meteor\packages\meteor-tool\1.4.1_3\mt-os.windows.x86_32\dev_bundle\bin\node_modules\.staging\bcrypt-983f7df4
191 silly gunzTarPerm modes [ '777', '666' ]
192 silly gunzTarPerm modes [ '777', '666' ]
193 verbose tar unpack C:\Users\Computer User\AppData\Local\.meteor\packages\meteor-tool\1.4.1_3\mt-os.windows.x86_32\dev_bundle\.npm\bcrypt\0.8.7\package.tgz
194 verbose tar unpacking to C:\Users\Computer User\AppData\Local\.meteor\packages\meteor-tool\1.4.1_3\mt-os.windows.x86_32\dev_bundle\bin\node_modules\.staging\bcrypt-983f7df4
195 silly gentlyRm C:\Users\Computer User\AppData\Local\.meteor\packages\meteor-tool\1.4.1_3\mt-os.windows.x86_32\dev_bundle\bin\node_modules\.staging\bcrypt-983f7df4 is being purged
196 verbose gentlyRm don't care about contents; nuking C:\Users\Computer User\AppData\Local\.meteor\packages\meteor-tool\1.4.1_3\mt-os.windows.x86_32\dev_bundle\bin\node_modules\.staging\bcrypt-983f7df4
197 silly gunzTarPerm modes [ '777', '666' ]
198 silly gunzTarPerm extractEntry package.json
199 silly gunzTarPerm modified mode [ 'package.json', 436, 438 ]
200 silly gunzTarPerm extractEntry package.json
201 silly gunzTarPerm modified mode [ 'package.json', 420, 438 ]
202 silly gunzTarPerm extractEntry package.json
203 silly gunzTarPerm modified mode [ 'package.json', 420, 438 ]
204 silly gunzTarPerm extractEntry README.md
205 silly gunzTarPerm modified mode [ 'README.md', 436, 438 ]
206 silly gunzTarPerm extractEntry README.md
207 silly gunzTarPerm modified mode [ 'README.md', 420, 438 ]
208 silly gunzTarPerm extractEntry bindings.js
209 silly gunzTarPerm modified mode [ 'bindings.js', 420, 438 ]
210 silly gunzTarPerm extractEntry include_dirs.js
211 silly gunzTarPerm modified mode [ 'include_dirs.js', 436, 438 ]
212 silly gunzTarPerm extractEntry .npmignore
213 silly gunzTarPerm modified mode [ '.npmignore', 420, 438 ]
214 silly gunzTarPerm extractEntry README.md
215 silly gunzTarPerm modified mode [ 'README.md', 420, 438 ]
216 silly gunzTarPerm extractEntry nan_converters.h
217 silly gunzTarPerm modified mode [ 'nan_converters.h', 436, 438 ]
218 silly gunzTarPerm extractEntry LICENSE.md
219 silly gunzTarPerm modified mode [ 'LICENSE.md', 436, 438 ]
220 silly gunzTarPerm extractEntry doc/node_misc.md
221 silly gunzTarPerm modified mode [ 'doc/node_misc.md', 436, 438 ]
222 silly gunzTarPerm extractEntry doc/asyncworker.md
223 silly gunzTarPerm modified mode [ 'doc/asyncworker.md', 436, 438 ]
224 silly gunzTarPerm extractEntry LICENSE
225 silly gunzTarPerm modified mode [ 'LICENSE', 420, 438 ]
226 silly gunzTarPerm extractEntry bcrypt.js
227 silly gunzTarPerm modified mode [ 'bcrypt.js', 420, 438 ]
228 silly gunzTarPerm extractEntry Makefile
229 silly gunzTarPerm modified mode [ 'Makefile', 420, 438 ]
230 silly gunzTarPerm extractEntry .travis.yml
231 silly gunzTarPerm modified mode [ '.travis.yml', 420, 438 ]
232 silly gunzTarPerm extractEntry CHANGELOG.md
233 silly gunzTarPerm modified mode [ 'CHANGELOG.md', 420, 438 ]
234 silly gunzTarPerm extractEntry binding.gyp
235 silly gunzTarPerm modified mode [ 'binding.gyp', 420, 438 ]
236 silly gunzTarPerm extractEntry examples/async_compare.js
237 silly gunzTarPerm modified mode [ 'examples/async_compare.js', 420, 438 ]
238 silly gunzTarPerm extractEntry examples/forever_gen_salt.js
239 silly gunzTarPerm modified mode [ 'examples/forever_gen_salt.js', 420, 438 ]
240 silly gunzTarPerm extractEntry test/async.js
241 silly gunzTarPerm modified mode [ 'test/async.js', 420, 438 ]
242 silly gunzTarPerm extractEntry test/repetitions.js
243 silly gunzTarPerm modified mode [ 'test/repetitions.js', 420, 438 ]
244 silly gunzTarPerm extractEntry test/sync.js
245 silly gunzTarPerm modified mode [ 'test/sync.js', 420, 438 ]
246 silly gunzTarPerm extractEntry ISSUE_TEMPLATE.md
247 silly gunzTarPerm modified mode [ 'ISSUE_TEMPLATE.md', 420, 438 ]
248 silly gunzTarPerm extractEntry src/bcrypt.cc
249 silly gunzTarPerm modified mode [ 'src/bcrypt.cc', 420, 438 ]
250 silly gunzTarPerm extractEntry src/bcrypt_node.cc
251 silly gunzTarPerm modified mode [ 'src/bcrypt_node.cc', 420, 438 ]
252 silly gunzTarPerm extractEntry src/blowfish.cc
253 silly gunzTarPerm modified mode [ 'src/blowfish.cc', 420, 438 ]
254 silly gunzTarPerm extractEntry src/node_blf.h
255 silly gunzTarPerm modified mode [ 'src/node_blf.h', 420, 438 ]
256 silly gunzTarPerm extractEntry werker.yml
257 silly gunzTarPerm modified mode [ 'werker.yml', 420, 438 ]
258 silly gunzTarPerm extractEntry doc/callback.md
259 silly gunzTarPerm modified mode [ 'doc/callback.md', 436, 438 ]
260 silly gunzTarPerm extractEntry doc/converters.md
261 silly gunzTarPerm modified mode [ 'doc/converters.md', 436, 438 ]
262 silly gunzTarPerm extractEntry doc/errors.md
263 silly gunzTarPerm modified mode [ 'doc/errors.md', 436, 438 ]
264 silly gunzTarPerm extractEntry doc/maybe_types.md
265 silly gunzTarPerm modified mode [ 'doc/maybe_types.md', 436, 438 ]
266 silly gunzTarPerm extractEntry doc/methods.md
267 silly gunzTarPerm modified mode [ 'doc/methods.md', 436, 438 ]
268 silly gunzTarPerm extractEntry doc/new.md
269 silly gunzTarPerm modified mode [ 'doc/new.md', 436, 438 ]
270 silly gunzTarPerm extractEntry doc/buffers.md
271 silly gunzTarPerm modified mode [ 'doc/buffers.md', 436, 438 ]
272 silly gunzTarPerm extractEntry doc/object_wrappers.md
273 silly gunzTarPerm modified mode [ 'doc/object_wrappers.md', 436, 438 ]
274 silly gentlyRm C:\Users\Computer User\AppData\Local\.meteor\packages\meteor-tool\1.4.1_3\mt-os.windows.x86_32\dev_bundle\bin\node_modules\.staging\bindings-111aeab5\node_modules is being purged
275 verbose gentlyRm don't care about contents; nuking C:\Users\Computer User\AppData\Local\.meteor\packages\meteor-tool\1.4.1_3\mt-os.windows.x86_32\dev_bundle\bin\node_modules\.staging\bindings-111aeab5\node_modules
276 silly gunzTarPerm extractEntry doc/persistent.md
277 silly gunzTarPerm modified mode [ 'doc/persistent.md', 436, 438 ]
278 silly gunzTarPerm extractEntry doc/scopes.md
279 silly gunzTarPerm modified mode [ 'doc/scopes.md', 436, 438 ]
280 silly gunzTarPerm extractEntry doc/script.md
281 silly gunzTarPerm modified mode [ 'doc/script.md', 436, 438 ]
282 silly gunzTarPerm extractEntry doc/string_bytes.md
283 silly gunzTarPerm modified mode [ 'doc/string_bytes.md', 436, 438 ]
284 silly gunzTarPerm extractEntry doc/v8_internals.md
285 silly gunzTarPerm modified mode [ 'doc/v8_internals.md', 436, 438 ]
286 silly gunzTarPerm extractEntry doc/v8_misc.md
287 silly gunzTarPerm modified mode [ 'doc/v8_misc.md', 436, 438 ]
288 silly gunzTarPerm extractEntry nan.h
289 silly gunzTarPerm modified mode [ 'nan.h', 436, 438 ]
290 silly gunzTarPerm extractEntry nan_callbacks.h
291 silly gunzTarPerm modified mode [ 'nan_callbacks.h', 436, 438 ]
292 silly gunzTarPerm extractEntry nan_callbacks_12_inl.h
293 silly gunzTarPerm modified mode [ 'nan_callbacks_12_inl.h', 436, 438 ]
294 silly gunzTarPerm extractEntry nan_callbacks_pre_12_inl.h
295 silly gunzTarPerm modified mode [ 'nan_callbacks_pre_12_inl.h', 436, 438 ]
296 silly gunzTarPerm extractEntry nan_converters_43_inl.h
297 silly gunzTarPerm modified mode [ 'nan_converters_43_inl.h', 436, 438 ]
298 silly gunzTarPerm extractEntry nan_converters_pre_43_inl.h
299 silly gunzTarPerm modified mode [ 'nan_converters_pre_43_inl.h', 436, 438 ]
300 silly gunzTarPerm extractEntry nan_implementation_12_inl.h
301 silly gunzTarPerm modified mode [ 'nan_implementation_12_inl.h', 436, 438 ]
302 silly gunzTarPerm extractEntry nan_implementation_pre_12_inl.h
303 silly gunzTarPerm modified mode [ 'nan_implementation_pre_12_inl.h', 436, 438 ]
304 silly gunzTarPerm extractEntry nan_maybe_43_inl.h
305 silly gunzTarPerm modified mode [ 'nan_maybe_43_inl.h', 436, 438 ]
306 silly gunzTarPerm extractEntry nan_maybe_pre_43_inl.h
307 silly gunzTarPerm modified mode [ 'nan_maybe_pre_43_inl.h', 436, 438 ]
308 silly gunzTarPerm extractEntry nan_new.h
309 silly gunzTarPerm modified mode [ 'nan_new.h', 436, 438 ]
310 silly gunzTarPerm extractEntry nan_object_wrap.h
311 silly gunzTarPerm modified mode [ 'nan_object_wrap.h', 436, 438 ]
312 silly gunzTarPerm extractEntry nan_persistent_12_inl.h
313 silly gunzTarPerm modified mode [ 'nan_persistent_12_inl.h', 436, 438 ]
314 silly gunzTarPerm extractEntry nan_persistent_pre_12_inl.h
315 silly gunzTarPerm modified mode [ 'nan_persistent_pre_12_inl.h', 436, 438 ]
316 silly gunzTarPerm extractEntry nan_string_bytes.h
317 silly gunzTarPerm modified mode [ 'nan_string_bytes.h', 436, 438 ]
318 silly gunzTarPerm extractEntry nan_typedarray_contents.h
319 silly gunzTarPerm modified mode [ 'nan_typedarray_contents.h', 436, 438 ]
320 silly gunzTarPerm extractEntry nan_weak.h
321 silly gunzTarPerm modified mode [ 'nan_weak.h', 436, 438 ]
322 silly gunzTarPerm extractEntry CHANGELOG.md
323 silly gunzTarPerm modified mode [ 'CHANGELOG.md', 436, 438 ]
324 silly gunzTarPerm extractEntry tools/package.json
325 silly gunzTarPerm modified mode [ 'tools/package.json', 436, 438 ]
326 silly gunzTarPerm extractEntry tools/README.md
327 silly gunzTarPerm modified mode [ 'tools/README.md', 436, 438 ]
328 silly gunzTarPerm extractEntry tools/1to2.js
329 silly gunzTarPerm modified mode [ 'tools/1to2.js', 509, 511 ]
330 silly gentlyRm C:\Users\Computer User\AppData\Local\.meteor\packages\meteor-tool\1.4.1_3\mt-os.windows.x86_32\dev_bundle\bin\node_modules\.staging\bcrypt-983f7df4\node_modules is being purged
331 verbose gentlyRm don't care about contents; nuking C:\Users\Computer User\AppData\Local\.meteor\packages\meteor-tool\1.4.1_3\mt-os.windows.x86_32\dev_bundle\bin\node_modules\.staging\bcrypt-983f7df4\node_modules
332 silly gentlyRm C:\Users\Computer User\AppData\Local\.meteor\packages\meteor-tool\1.4.1_3\mt-os.windows.x86_32\dev_bundle\bin\node_modules\.staging\nan-b17c247e\node_modules is being purged
333 verbose gentlyRm don't care about contents; nuking C:\Users\Computer User\AppData\Local\.meteor\packages\meteor-tool\1.4.1_3\mt-os.windows.x86_32\dev_bundle\bin\node_modules\.staging\nan-b17c247e\node_modules
334 silly doParallel preinstall 3
335 silly preinstall bindings@1.2.1 C:\Users\Computer User\AppData\Local\.meteor\packages\meteor-tool\1.4.1_3\mt-os.windows.x86_32\dev_bundle\bin\node_modules\.staging\bindings-111aeab5
336 info lifecycle bindings@1.2.1~preinstall: bindings@1.2.1
337 silly preinstall nan@2.3.5 C:\Users\Computer User\AppData\Local\.meteor\packages\meteor-tool\1.4.1_3\mt-os.windows.x86_32\dev_bundle\bin\node_modules\.staging\nan-b17c247e
338 info lifecycle nan@2.3.5~preinstall: nan@2.3.5
339 silly preinstall bcrypt@0.8.7 C:\Users\Computer User\AppData\Local\.meteor\packages\meteor-tool\1.4.1_3\mt-os.windows.x86_32\dev_bundle\bin\node_modules\.staging\bcrypt-983f7df4
340 info lifecycle bcrypt@0.8.7~preinstall: bcrypt@0.8.7
341 silly lifecycle bindings@1.2.1~preinstall: no script for preinstall, continuing
342 silly lifecycle nan@2.3.5~preinstall: no script for preinstall, continuing
343 silly lifecycle bcrypt@0.8.7~preinstall: no script for preinstall, continuing
344 silly doReverseSerial remove 0
345 silly doSerial move 0
346 silly doSerial finalize 3
347 silly finalize C:\Users\Computer User\AppData\Local\.meteor\packages\meteor-tool\1.4.1_3\mt-os.windows.x86_32\dev_bundle\bin\node_modules\bcrypt\node_modules\bindings
348 silly finalize C:\Users\Computer User\AppData\Local\.meteor\packages\meteor-tool\1.4.1_3\mt-os.windows.x86_32\dev_bundle\bin\node_modules\bcrypt\node_modules\nan
349 silly finalize C:\Users\Computer User\AppData\Local\.meteor\packages\meteor-tool\1.4.1_3\mt-os.windows.x86_32\dev_bundle\bin\node_modules\bcrypt
350 silly doSerial build 3
351 silly build bindings@1.2.1
352 info linkStuff bindings@1.2.1
353 silly linkStuff bindings@1.2.1 has C:\Users\Computer User\AppData\Local\.meteor\packages\meteor-tool\1.4.1_3\mt-os.windows.x86_32\dev_bundle\bin\node_modules\bcrypt\node_modules as its parent node_modules
354 silly linkStuff bindings@1.2.1 is part of a global install
355 silly linkStuff bindings@1.2.1 is installed into a global node_modules
356 verbose linkBins bindings@1.2.1
357 verbose linkMans bindings@1.2.1
358 silly build nan@2.3.5
359 info linkStuff nan@2.3.5
360 silly linkStuff nan@2.3.5 has C:\Users\Computer User\AppData\Local\.meteor\packages\meteor-tool\1.4.1_3\mt-os.windows.x86_32\dev_bundle\bin\node_modules\bcrypt\node_modules as its parent node_modules
361 silly linkStuff nan@2.3.5 is part of a global install
362 silly linkStuff nan@2.3.5 is installed into a global node_modules
363 verbose linkBins nan@2.3.5
364 verbose linkMans nan@2.3.5
365 silly build bcrypt@0.8.7
366 info linkStuff bcrypt@0.8.7
367 silly linkStuff bcrypt@0.8.7 has C:\Users\Computer User\AppData\Local\.meteor\packages\meteor-tool\1.4.1_3\mt-os.windows.x86_32\dev_bundle\bin\node_modules as its parent node_modules
368 silly linkStuff bcrypt@0.8.7 is part of a global install
369 silly linkStuff bcrypt@0.8.7 is installed into a global node_modules
370 silly linkStuff bcrypt@0.8.7 is installed into the top-level global node_modules
371 verbose linkBins bcrypt@0.8.7
372 verbose linkMans bcrypt@0.8.7
373 silly doSerial global-link 0
374 silly doParallel update-linked 0
375 silly doSerial install 3
376 silly install bindings@1.2.1 C:\Users\Computer User\AppData\Local\.meteor\packages\meteor-tool\1.4.1_3\mt-os.windows.x86_32\dev_bundle\bin\node_modules\.staging\bindings-111aeab5
377 info lifecycle bindings@1.2.1~install: bindings@1.2.1
378 silly lifecycle bindings@1.2.1~install: no script for install, continuing
379 silly install nan@2.3.5 C:\Users\Computer User\AppData\Local\.meteor\packages\meteor-tool\1.4.1_3\mt-os.windows.x86_32\dev_bundle\bin\node_modules\.staging\nan-b17c247e
380 info lifecycle nan@2.3.5~install: nan@2.3.5
381 silly lifecycle nan@2.3.5~install: no script for install, continuing
382 silly install bcrypt@0.8.7 C:\Users\Computer User\AppData\Local\.meteor\packages\meteor-tool\1.4.1_3\mt-os.windows.x86_32\dev_bundle\bin\node_modules\.staging\bcrypt-983f7df4
383 info lifecycle bcrypt@0.8.7~install: bcrypt@0.8.7
384 verbose lifecycle bcrypt@0.8.7~install: unsafe-perm in lifecycle true
385 verbose lifecycle bcrypt@0.8.7~install: PATH: C:\Users\Computer User\AppData\Local\.meteor\packages\meteor-tool\1.4.1_3\mt-os.windows.x86_32\dev_bundle\lib\node_modules\npm\bin\node-gyp-bin;C:\Users\Computer User\AppData\Local\.meteor\packages\meteor-tool\1.4.1_3\mt-os.windows.x86_32\dev_bundle\bin\node_modules\bcrypt\node_modules\.bin;C:\Users\Computer User\AppData\Local\.meteor\packages\meteor-tool\1.4.1_3\mt-os.windows.x86_32\dev_bundle\bin\node_modules\.bin;C:\Users\Computer User\AppData\Local\.meteor\packages\meteor-tool\1.4.1_3\mt-os.windows.x86_32\dev_bundle\bin;C:\Users\Computer User\AppData\Local\.meteor\packages\meteor-tool\1.4.1_3\mt-os.windows.x86_32\dev_bundle\lib\node_modules\.bin;C:\ProgramData\Oracle\Java\javapath;C:\WINDOWS\system32;C:\WINDOWS;C:\WINDOWS\System32\Wbem;C:\WINDOWS\System32\WindowsPowerShell\v1.0\;C:\Program Files (x86)\Intel\OpenCL SDK\2.0\bin\x86;C:\Program Files (x86)\Intel\OpenCL SDK\2.0\bin\x64;C:\Program Files (x86)\CloudFoundry;C:\Program Files\Java\jdk1.8.0_25\bin;C:\Python34;C:\Program Files\TortoiseSVN\bin;C:\Program Files (x86)\LLVM\bin;C:\Program Files\nodejs\;C:\Users\Computer User\AppData\Roaming\npm;C:\Users\Computer User\workspace\.metadata\.plugins\com.aptana.portablegit.win32\bin\git.exe;C:\Program Files\Git\cmd;C:\php;C:\ProgramData\ComposerSetup\bin;C:\Users\Computer User\node_modules\express\lib\express.js;C:\Go\bin;C:\Python27;C:\Program Files (x86)\QuickTime\QTSystem\;C:\Program Files (x86)\Skype\Phone\;C:\Program Files\MongoDB\Server\3.2\bin;C:\Ruby23-x64\bin;C:\Tcl\bin;C:\ProgramData\Oracle\Java\javapath;C:\WINDOWS\system32;C:\WINDOWS;C:\WINDOWS\System32\Wbem;C:\WINDOWS\System32\WindowsPowerShell\v1.0\;C:\Program Files (x86)\Intel\OpenCL SDK\2.0\bin\x86;C:\Program Files (x86)\Intel\OpenCL SDK\2.0\bin\x64;C:\Program Files (x86)\CloudFoundry;C:\Program Files (x86)\QuickTime\QTSystem\;C:\Program Files\Java\jdk1.8.0_25\bin;C:\Python34;C:\Users\Computer User\;C:\Program Files (x86)\LLVM\bin\;C:\Users\Computer User\;C:\Users\Computer Users\Downloads\glibc;C:\Users\Computer User\AppData\Roaming\npm;C:\Users\Computer User\workspace\.metadata\.plugins\com.aptana.portablegit.win32\bin\git.exe;C:\php;C:\Users\Computer User\AppData\Local\atom\bin;C:\Users\Computer User\node_modules\express\lib\express.js;C:\Go\bin;C:\ProgramData\Oracle\Java\javapath;C:\WINDOWS\system32;C:\WINDOWS;C:\WINDOWS\System32\Wbem;C:\WINDOWS\System32\WindowsPowerShell\v1.0\;C:\Program Files (x86)\Intel\OpenCL SDK\2.0\bin\x86;C:\Program Files (x86)\Intel\OpenCL SDK\2.0\bin\x64;C:\Program Files (x86)\CloudFoundry;C:\Program Files\Java\jdk1.8.0_25\bin;C:\Python34;C:\Program Files\TortoiseSVN\bin;C:\Program Files (x86)\LLVM\bin;C:\Program Files\nodejs\;C:\Users\Computer User\AppData\Roaming\npm;C:\Users\Computer User\workspace\.metadata\.plugins\com.aptana.portablegit.win32\bin\git.exe;C:\Program Files\Git\cmd;C:\php;C:\ProgramData\ComposerSetup\bin;C:\Users\Computer User\node_modules\express\lib\express.js;C:\Go\bin;C:\Python27;C:\Program Files (x86)\QuickTime\QTSystem\;C:\Program Files (x86)\Skype\Phone\;C:\Program Files\MongoDB\Server\3.2\bin;C:\Program Files\MySQL\MySQL Server 5.7\bin;C:\Users\Computer User\AppData\Local\.meteor\
386 verbose lifecycle bcrypt@0.8.7~install: CWD: C:\Users\Computer User\AppData\Local\.meteor\packages\meteor-tool\1.4.1_3\mt-os.windows.x86_32\dev_bundle\bin\node_modules\bcrypt
387 silly lifecycle bcrypt@0.8.7~install: Args: [ '/d /s /c', 'node-gyp rebuild' ]
388 silly lifecycle bcrypt@0.8.7~install: Returned: code: 1  signal: null
389 info lifecycle bcrypt@0.8.7~install: Failed to exec install script
390 verbose unlock done using C:\Users\Computer User\AppData\Local\.meteor\packages\meteor-tool\1.4.1_3\mt-os.windows.x86_32\dev_bundle\.npm\_locks\staging-039c375a2c872415.lock for C:\Users\Computer User\AppData\Local\.meteor\packages\meteor-tool\1.4.1_3\mt-os.windows.x86_32\dev_bundle\bin\node_modules\.staging
391 silly rollbackFailedOptional Starting
392 silly rollbackFailedOptional Finishing
393 silly runTopLevelLifecycles Finishing
394 silly install printInstalled
395 verbose stack Error: bcrypt@0.8.7 install: `node-gyp rebuild`
395 verbose stack Exit status 1
395 verbose stack     at EventEmitter.<anonymous> (C:\Users\Computer User\AppData\Local\.meteor\packages\meteor-tool\1.4.1_3\mt-os.windows.x86_32\dev_bundle\lib\node_modules\npm\lib\utils\lifecycle.js:255:16)
395 verbose stack     at emitTwo (events.js:87:13)
395 verbose stack     at EventEmitter.emit (events.js:172:7)
395 verbose stack     at ChildProcess.<anonymous> (C:\Users\Computer User\AppData\Local\.meteor\packages\meteor-tool\1.4.1_3\mt-os.windows.x86_32\dev_bundle\lib\node_modules\npm\lib\utils\spawn.js:40:14)
395 verbose stack     at emitTwo (events.js:87:13)
395 verbose stack     at ChildProcess.emit (events.js:172:7)
395 verbose stack     at maybeClose (internal/child_process.js:829:16)
395 verbose stack     at Process.ChildProcess._handle.onexit (internal/child_process.js:211:5)
396 verbose pkgid bcrypt@0.8.7
397 verbose cwd C:\Users\Computer User\Documents\GitHub\MeteorJS-Sample-Apps\simple-todos
398 error Windows_NT 6.3.9600
399 error argv "C:\\Users\\Computer User\\AppData\\Local\\.meteor\\packages\\meteor-tool\\1.4.1_3\\mt-os.windows.x86_32\\dev_bundle\\bin\\node.exe" "C:\\Users\\Computer User\\AppData\\Local\\.meteor\\packages\\meteor-tool\\1.4.1_3\\mt-os.windows.x86_32\\dev_bundle\\lib\\node_modules\\npm\\bin\\npm-cli.js" "install" "-g" "bcrypt"
400 error node v4.6.1
401 error npm  v3.10.8
402 error code ELIFECYCLE
403 error bcrypt@0.8.7 install: `node-gyp rebuild`
403 error Exit status 1
404 error Failed at the bcrypt@0.8.7 install script 'node-gyp rebuild'.
404 error Make sure you have the latest version of node.js and npm installed.
404 error If you do, this is most likely a problem with the bcrypt package,
404 error not with npm itself.
404 error Tell the author that this fails on your system:
404 error     node-gyp rebuild
404 error You can get information on how to open an issue for this project with:
404 error     npm bugs bcrypt
404 error Or if that isn't available, you can get their info via:
404 error     npm owner ls bcrypt
404 error There is likely additional logging output above.
405 verbose exit [ 1, true ]
